2697 [background-preinit] INFO  o.h.validator.internal.util.Version – HV000001: Hibernate Validator 8.0.0.Final
2933 [main] INFO  p.practicies.PracticiesApplication – Starting PracticiesApplication using Java 18.0.1.1 with PID 2768 (C:\Users\Zhurav_08\IdeaProjects\practicies\target\classes started by Zhurav_08 in C:\Users\Zhurav_08\IdeaProjects\practicies)
2939 [main] INFO  p.practicies.PracticiesApplication – No active profile set, falling back to 1 default profile: "default"
6196 [main] INFO  o.s.d.r.c.RepositoryConfigurationDelegate – Bootstrapping Spring Data JPA repositories in DEFAULT mode.
6412 [main] INFO  o.s.d.r.c.RepositoryConfigurationDelegate – Finished Spring Data repository scanning in 193 ms. Found 3 JPA repository interfaces.
9404 [main] INFO  o.s.b.w.e.tomcat.TomcatWebServer – Tomcat initialized with port(s): 8080 (http)
9450 [main] INFO  o.a.coyote.http11.Http11NioProtocol – Initializing ProtocolHandler ["http-nio-8080"]
9455 [main] INFO  o.a.catalina.core.StandardService – Starting service [Tomcat]
9456 [main] INFO  o.a.catalina.core.StandardEngine – Starting Servlet engine: [Apache Tomcat/10.1.8]
9870 [main] INFO  o.a.c.c.C.[Tomcat].[localhost].[/] – Initializing Spring embedded WebApplicationContext
9872 [main] INFO  o.s.b.w.s.c.ServletWebServerApplicationContext – Root WebApplicationContext: initialization completed in 6691 ms
10559 [main] INFO  o.h.jpa.internal.util.LogHelper – HHH000204: Processing PersistenceUnitInfo [name: default]
10727 [main] INFO  org.hibernate.Version – HHH000412: Hibernate ORM core version 6.1.7.Final
11584 [main] INFO  com.zaxxer.hikari.HikariDataSource – HikariPool-1 - Starting...
12733 [main] INFO  com.zaxxer.hikari.pool.HikariPool – HikariPool-1 - Added connection org.postgresql.jdbc.PgConnection@1d7c9811
12739 [main] INFO  com.zaxxer.hikari.HikariDataSource – HikariPool-1 - Start completed.
12953 [main] INFO  SQL dialect – HHH000400: Using dialect: org.hibernate.dialect.PostgreSQLDialect
17433 [main] INFO  o.h.e.t.j.p.i.JtaPlatformInitiator – HHH000490: Using JtaPlatform implementation: [org.hibernate.engine.transaction.jta.platform.internal.NoJtaPlatform]
17483 [main] INFO  o.s.o.j.LocalContainerEntityManagerFactoryBean – Initialized JPA EntityManagerFactory for persistence unit 'default'
19098 [main] WARN  o.s.b.a.o.j.JpaBaseConfiguration$JpaWebConfiguration – spring.jpa.open-in-view is enabled by default. Therefore, database queries may be performed during view rendering. Explicitly configure spring.jpa.open-in-view to disable this warning
19598 [main] INFO  o.s.b.a.w.s.WelcomePageHandlerMapping – Adding welcome page template: index
20688 [main] INFO  o.s.s.w.DefaultSecurityFilterChain – Will secure any request with [org.springframework.security.web.session.DisableEncodeUrlFilter@73483d4b, org.springframework.security.web.context.request.async.WebAsyncManagerIntegrationFilter@8961e55, org.springframework.security.web.context.SecurityContextHolderFilter@3b39bee2, org.springframework.security.web.header.HeaderWriterFilter@26f7b114, org.springframework.security.web.csrf.CsrfFilter@70f0c352, org.springframework.security.web.authentication.logout.LogoutFilter@3eadfbbb, org.springframework.security.web.authentication.UsernamePasswordAuthenticationFilter@6bc08a77, org.springframework.security.web.savedrequest.RequestCacheAwareFilter@6889e714, org.springframework.security.web.servletapi.SecurityContextHolderAwareRequestFilter@4dc5b887, org.springframework.security.web.authentication.AnonymousAuthenticationFilter@67eabe02, org.springframework.security.web.access.ExceptionTranslationFilter@29a5f924, org.springframework.security.web.access.intercept.AuthorizationFilter@682270ff]
22324 [main] INFO  o.a.coyote.http11.Http11NioProtocol – Starting ProtocolHandler ["http-nio-8080"]
22416 [main] INFO  o.s.b.w.e.tomcat.TomcatWebServer – Tomcat started on port(s): 8080 (http) with context path ''
22457 [main] INFO  p.practicies.PracticiesApplication – Started PracticiesApplication in 21.052 seconds (process running for 24.852)
26016 [http-nio-8080-exec-1] INFO  o.a.c.c.C.[Tomcat].[localhost].[/] – Initializing Spring DispatcherServlet 'dispatcherServlet'
26018 [http-nio-8080-exec-1] INFO  o.s.web.servlet.DispatcherServlet – Initializing Servlet 'dispatcherServlet'
26023 [http-nio-8080-exec-1] INFO  o.s.web.servlet.DispatcherServlet – Completed initialization in 4 ms
26405 [http-nio-8080-exec-1] WARN  o.a.c.util.SessionIdGeneratorBase – Creation of SecureRandom instance for session ID generation using [SHA1PRNG] took [245] milliseconds.
67857 [http-nio-8080-exec-4] INFO  p.practicies.aop.LoggingAspect – UserDetails patterns.practicies.service.UserDetailsServiceImpl.loadUserByUsername(String) executed in 1088 ms
68286 [http-nio-8080-exec-4] INFO  p.practicies.aop.LoggingAspect – boolean patterns.practicies.service.UserDetailsServiceImpl.isAdmin(String) executed in 9 ms
68492 [http-nio-8080-exec-9] INFO  p.practicies.aop.LoggingAspect – User patterns.practicies.service.UserService.getCurrentUser() executed in 14 ms
1206 [main] INFO  p.practicies.service.OrderService – Getting all orders sorted by date
1268 [main] INFO  p.practicies.service.OrderService – Find all orders
1280 [main] INFO  p.practicies.service.OrderService – Find order by id = 1
1292 [main] INFO  p.practicies.service.OrderService – Saving order: {"id":1,"date":"Order 1","items":null}
2270 [main] INFO  p.practicies.service.OrderService – Removing order by id = 1
2282 [main] INFO  p.practicies.service.OrderService – Updating order with id = 1. New order: {"id":1,"date":"Updated Order","items":null}
2512 [main] INFO  p.practicies.service.ItemService – Getting all items sorted by date
2524 [main] INFO  p.practicies.service.ItemService – Getting all items sorted by name
2532 [main] INFO  p.practicies.service.ItemService – Find all items
2538 [main] INFO  p.practicies.service.ItemService – Saving item: {"id":null,"name":"item1","date":"Fri May 19 14:03:01 MSK 2023","price":10}
2569 [main] INFO  p.practicies.service.ItemService – Find item by id = 3
2577 [main] INFO  p.practicies.service.ItemService – Removing item by id = 1
2584 [main] INFO  p.practicies.service.ItemService – Find item by id = 1
2593 [main] INFO  p.practicies.service.ItemService – Getting all items sorted by price
2601 [main] INFO  p.practicies.service.ItemService – Updating item with id = 1. New item: {"id":null,"name":"updated item1","date":"Fri May 19 14:03:01 MSK 2023","price":15}
3677 [main] INFO  p.p.service.SchedulerService – Scheduled task started: deleting files
3683 [main] INFO  p.p.service.SchedulerService – All files deleted
Writing updated data from items and orders tables
3706 [main] INFO  p.p.service.SchedulerService – Finished writing
Scheduled task ended
4787 [main] INFO  o.s.t.c.s.AnnotationConfigContextLoaderUtils – Could not detect default configuration classes for test class [patterns.practicies.PracticiesApplicationTests]: PracticiesApplicationTests does not declare any static, non-private, non-final, nested classes annotated with @Configuration.
5343 [main] INFO  o.s.b.t.c.SpringBootTestContextBootstrapper – Found @SpringBootConfiguration patterns.practicies.PracticiesApplication for test class patterns.practicies.PracticiesApplicationTests
6767 [background-preinit] INFO  o.h.validator.internal.util.Version – HV000001: Hibernate Validator 8.0.0.Final
6865 [main] INFO  p.p.PracticiesApplicationTests – Starting PracticiesApplicationTests using Java 18.0.1.1 with PID 16364 (started by Zhurav_08 in C:\Users\Zhurav_08\IdeaProjects\practicies)
6869 [main] INFO  p.p.PracticiesApplicationTests – No active profile set, falling back to 1 default profile: "default"
9609 [main] INFO  o.s.d.r.c.RepositoryConfigurationDelegate – Bootstrapping Spring Data JPA repositories in DEFAULT mode.
9924 [main] INFO  o.s.d.r.c.RepositoryConfigurationDelegate – Finished Spring Data repository scanning in 272 ms. Found 3 JPA repository interfaces.
12910 [main] INFO  o.h.jpa.internal.util.LogHelper – HHH000204: Processing PersistenceUnitInfo [name: default]
13231 [main] INFO  org.hibernate.Version – HHH000412: Hibernate ORM core version 6.1.7.Final
14319 [main] INFO  com.zaxxer.hikari.HikariDataSource – HikariPool-1 - Starting...
15417 [main] INFO  com.zaxxer.hikari.pool.HikariPool – HikariPool-1 - Added connection org.postgresql.jdbc.PgConnection@61d150af
15423 [main] INFO  com.zaxxer.hikari.HikariDataSource – HikariPool-1 - Start completed.
15578 [main] INFO  SQL dialect – HHH000400: Using dialect: org.hibernate.dialect.PostgreSQLDialect
19247 [main] INFO  o.h.e.t.j.p.i.JtaPlatformInitiator – HHH000490: Using JtaPlatform implementation: [org.hibernate.engine.transaction.jta.platform.internal.NoJtaPlatform]
19290 [main] INFO  o.s.o.j.LocalContainerEntityManagerFactoryBean – Initialized JPA EntityManagerFactory for persistence unit 'default'
21338 [main] WARN  o.s.b.a.o.j.JpaBaseConfiguration$JpaWebConfiguration – spring.jpa.open-in-view is enabled by default. Therefore, database queries may be performed during view rendering. Explicitly configure spring.jpa.open-in-view to disable this warning
21848 [main] INFO  o.s.b.a.w.s.WelcomePageHandlerMapping – Adding welcome page template: index
22904 [main] INFO  o.s.s.w.DefaultSecurityFilterChain – Will secure any request with [org.springframework.security.web.session.DisableEncodeUrlFilter@5c70eda4, org.springframework.security.web.context.request.async.WebAsyncManagerIntegrationFilter@77ac7cd6, org.springframework.security.web.context.SecurityContextHolderFilter@63019596, org.springframework.security.web.header.HeaderWriterFilter@3397c8c0, org.springframework.security.web.csrf.CsrfFilter@2823bd30, org.springframework.security.web.authentication.logout.LogoutFilter@3bbab2c9, org.springframework.security.web.authentication.UsernamePasswordAuthenticationFilter@3dfb1626, org.springframework.security.web.savedrequest.RequestCacheAwareFilter@60eb9c29, org.springframework.security.web.servletapi.SecurityContextHolderAwareRequestFilter@51bba775, org.springframework.security.web.authentication.AnonymousAuthenticationFilter@12830e23, org.springframework.security.web.access.ExceptionTranslationFilter@301434fb, org.springframework.security.web.access.intercept.AuthorizationFilter@505f6511]
25016 [main] INFO  p.p.PracticiesApplicationTests – Started PracticiesApplicationTests in 19.008 seconds (process running for 31.587)
25187 [SpringApplicationShutdownHook] INFO  o.s.o.j.LocalContainerEntityManagerFactoryBean – Closing JPA EntityManagerFactory for persistence unit 'default'
25198 [SpringApplicationShutdownHook] INFO  com.zaxxer.hikari.HikariDataSource – HikariPool-1 - Shutdown initiated...
25251 [SpringApplicationShutdownHook] INFO  com.zaxxer.hikari.HikariDataSource – HikariPool-1 - Shutdown completed.
197836 [http-nio-8080-exec-2] INFO  p.practicies.aop.LoggingAspect – UserDetails patterns.practicies.service.UserDetailsServiceImpl.loadUserByUsername(String) executed in 363 ms
198255 [http-nio-8080-exec-2] INFO  p.practicies.aop.LoggingAspect – boolean patterns.practicies.service.UserDetailsServiceImpl.isAdmin(String) executed in 12 ms
198787 [http-nio-8080-exec-7] INFO  p.practicies.aop.LoggingAspect – User patterns.practicies.service.UserService.getCurrentUser() executed in 220 ms
255311 [SpringApplicationShutdownHook] INFO  o.s.o.j.LocalContainerEntityManagerFactoryBean – Closing JPA EntityManagerFactory for persistence unit 'default'
255373 [SpringApplicationShutdownHook] INFO  com.zaxxer.hikari.HikariDataSource – HikariPool-1 - Shutdown initiated...
255438 [SpringApplicationShutdownHook] INFO  com.zaxxer.hikari.HikariDataSource – HikariPool-1 - Shutdown completed.
