1952 [background-preinit] INFO  o.h.validator.internal.util.Version – HV000001: Hibernate Validator 8.0.0.Final
2068 [main] INFO  p.practicies.PracticiesApplication – Starting PracticiesApplication using Java 18.0.1.1 with PID 7840 (C:\Users\Zhurav_08\IdeaProjects\practicies\target\classes started by Zhurav_08 in C:\Users\Zhurav_08\IdeaProjects\practicies)
2072 [main] INFO  p.practicies.PracticiesApplication – No active profile set, falling back to 1 default profile: "default"
3896 [main] INFO  o.s.d.r.c.RepositoryConfigurationDelegate – Bootstrapping Spring Data JPA repositories in DEFAULT mode.
4116 [main] INFO  o.s.d.r.c.RepositoryConfigurationDelegate – Finished Spring Data repository scanning in 190 ms. Found 2 JPA repository interfaces.
5868 [main] INFO  o.s.b.w.e.tomcat.TomcatWebServer – Tomcat initialized with port(s): 8080 (http)
5904 [main] INFO  o.a.coyote.http11.Http11NioProtocol – Initializing ProtocolHandler ["http-nio-8080"]
5907 [main] INFO  o.a.catalina.core.StandardService – Starting service [Tomcat]
5908 [main] INFO  o.a.catalina.core.StandardEngine – Starting Servlet engine: [Apache Tomcat/10.1.8]
6248 [main] INFO  o.a.c.c.C.[Tomcat].[localhost].[/] – Initializing Spring embedded WebApplicationContext
6249 [main] INFO  o.s.b.w.s.c.ServletWebServerApplicationContext – Root WebApplicationContext: initialization completed in 4058 ms
6703 [main] INFO  com.zaxxer.hikari.HikariDataSource – HikariPool-1 - Starting...
7450 [main] INFO  com.zaxxer.hikari.pool.HikariPool – HikariPool-1 - Added connection org.postgresql.jdbc.PgConnection@3a1f2a1
7455 [main] INFO  com.zaxxer.hikari.HikariDataSource – HikariPool-1 - Start completed.
7619 [main] INFO  o.h.jpa.internal.util.LogHelper – HHH000204: Processing PersistenceUnitInfo [name: default]
7833 [main] INFO  org.hibernate.Version – HHH000412: Hibernate ORM core version 6.1.7.Final
8977 [main] INFO  SQL dialect – HHH000400: Using dialect: org.hibernate.dialect.PostgreSQLDialect
11676 [main] INFO  o.h.e.t.j.p.i.JtaPlatformInitiator – HHH000490: Using JtaPlatform implementation: [org.hibernate.engine.transaction.jta.platform.internal.NoJtaPlatform]
11713 [main] INFO  o.s.o.j.LocalContainerEntityManagerFactoryBean – Initialized JPA EntityManagerFactory for persistence unit 'default'
12773 [main] WARN  o.s.b.a.o.j.JpaBaseConfiguration$JpaWebConfiguration – spring.jpa.open-in-view is enabled by default. Therefore, database queries may be performed during view rendering. Explicitly configure spring.jpa.open-in-view to disable this warning
13952 [main] INFO  o.a.coyote.http11.Http11NioProtocol – Starting ProtocolHandler ["http-nio-8080"]
14025 [main] INFO  o.s.b.w.e.tomcat.TomcatWebServer – Tomcat started on port(s): 8080 (http) with context path ''
14053 [main] INFO  p.practicies.PracticiesApplication – Started PracticiesApplication in 12.996 seconds (process running for 15.702)
80891 [http-nio-8080-exec-2] INFO  o.a.c.c.C.[Tomcat].[localhost].[/] – Initializing Spring DispatcherServlet 'dispatcherServlet'
80891 [http-nio-8080-exec-2] INFO  o.s.web.servlet.DispatcherServlet – Initializing Servlet 'dispatcherServlet'
80899 [http-nio-8080-exec-2] INFO  o.s.web.servlet.DispatcherServlet – Completed initialization in 8 ms
81043 [http-nio-8080-exec-2] INFO  p.practicies.service.OrderService – Getting all orders sorted by date
90251 [http-nio-8080-exec-5] INFO  p.practicies.service.ItemService – Find all items
113161 [http-nio-8080-exec-8] INFO  p.practicies.service.ItemService – Getting all items sorted by price
2190690 [SpringApplicationShutdownHook] INFO  o.s.o.j.LocalContainerEntityManagerFactoryBean – Closing JPA EntityManagerFactory for persistence unit 'default'
2191140 [SpringApplicationShutdownHook] INFO  com.zaxxer.hikari.HikariDataSource – HikariPool-1 - Shutdown initiated...
2191167 [SpringApplicationShutdownHook] INFO  com.zaxxer.hikari.HikariDataSource – HikariPool-1 - Shutdown completed.
